Using pre-set license
Built from '2020.3/staging' branch; Version is '2020.3.3f1 (76626098c1c4) revision 7758432'; Using compiler version '192528614'; Build Type 'Release'
OS: 'Windows 10 Pro; OS build 19044.3086; Version 2009; 64bit' Language: 'zh' Physical Memory: 32509 MB
BatchMode: 1, IsHumanControllingUs: 0, StartBugReporterOnCrash: 0, Is64bit: 1, IsPro: 0

 COMMAND LINE ARGUMENTS:
C:\Program Files\Unity\Editor\Unity.exe
-adb2
-batchMode
-noUpm
-name
AssetImportWorker0
-projectPath
E:/Projects/Lemon/Lemon.Framework
-logFile
Logs/AssetImportWorker0.log
-srvPort
10820
Successfully changed project path to: E:/Projects/Lemon/Lemon.Framework
E:/Projects/Lemon/Lemon.Framework
Using Asset Import Pipeline V2.
Refreshing native plugins compatible for Editor in 48.54 ms, found 1 plugins.
Preloading 0 native plugins for Editor in 0.00 ms.
Initialize engine version: 2020.3.3f1 (76626098c1c4)
[Subsystems] Discovering subsystems at path C:/Program Files/Unity/Editor/Data/Resources/UnitySubsystems
[Subsystems] Discovering subsystems at path E:/Projects/Lemon/Lemon.Framework/Assets
GfxDevice: creating device client; threaded=0
Direct3D:
    Version:  Direct3D 11.0 [level 11.0]
    Renderer: NVIDIA GeForce GT 730 (ID=0x1287)
    Vendor:   
    VRAM:     2007 MB
    Driver:   30.0.14.7347
Initialize mono
Mono path[0] = 'C:/Program Files/Unity/Editor/Data/Managed'
Mono path[1] = 'C:/Program Files/Unity/Editor/Data/MonoBleedingEdge/lib/mono/unityjit'
Mono config path = 'C:/Program Files/Unity/Editor/Data/MonoBleedingEdge/etc'
Using monoOptions --debugger-agent=transport=dt_socket,embedding=1,server=y,suspend=n,address=127.0.0.1:56780
Begin MonoManager ReloadAssembly
Registering precompiled unity dll's ...
Register platform support module: C:/Program Files/Unity/Editor/Data/PlaybackEngines/WebGLSupport/UnityEditor.WebGL.Extensions.dll
Register platform support module: C:/Program Files/Unity/Editor/Data/PlaybackEngines/WindowsStandaloneSupport/UnityEditor.WindowsStandalone.Extensions.dll
Registered in 0.002247 seconds.
Native extension for WindowsStandalone target not found
Native extension for WebGL target not found
Refreshing native plugins compatible for Editor in 41.25 ms, found 1 plugins.
Preloading 0 native plugins for Editor in 0.00 ms.
Invoked RoslynAnalysisRunner static constructor.
RoslynAnalysisRunner will not be running.
RoslynAnalysisRunner has terminated.
Mono: successfully reloaded assembly
- Completed reload, in  5.567 seconds
Platform modules already initialized, skipping
Registering precompiled user dll's ...
Registered in 0.004070 seconds.
Begin MonoManager ReloadAssembly
Native extension for WindowsStandalone target not found
Native extension for WebGL target not found
Refreshing native plugins compatible for Editor in 0.58 ms, found 1 plugins.
Preloading 0 native plugins for Editor in 0.00 ms.
Invoked RoslynAnalysisRunner static constructor.
RoslynAnalysisRunner will not be running.
RoslynAnalysisRunner has terminated.
Mono: successfully reloaded assembly
- Completed reload, in  0.904 seconds
Platform modules already initialized, skipping
========================================================================
Worker process is ready to serve import requests
Launched and connected shader compiler UnityShaderCompiler.exe after 0.04 seconds
Refreshing native plugins compatible for Editor in 0.36 ms, found 1 plugins.
Preloading 0 native plugins for Editor in 0.00 ms.
Unloading 1786 Unused Serialized files (Serialized files now loaded: 0)
System memory in use before: 77.4 MB.
System memory in use after: 77.5 MB.

Unloading 55 unused Assets to reduce memory usage. Loaded Objects now: 2194.
Total: 1.353200 ms (FindLiveObjects: 0.111600 ms CreateObjectMapping: 0.025600 ms MarkObjects: 1.163800 ms  DeleteObjects: 0.051300 ms)

========================================================================
Received Import Request.
  path: Assets/Lemon/Scripts/ICSharpCode.SharpZipLib/Plugins/System.Memory.dll
  artifactKey: Guid(0a0046fcdd23f894bab5c1296db5d1f9) Importer(815301076,1909f56bfc062723c751e8b465ee728b)
Start importing Assets/Lemon/Scripts/ICSharpCode.SharpZipLib/Plugins/System.Memory.dll using Guid(0a0046fcdd23f894bab5c1296db5d1f9) Importer(815301076,1909f56bfc062723c751e8b465ee728b)  -> (artifact id: '895b2d8885d6e421ed5c54ed854ae343') in 0.026983 seconds
  Import took 0.028853 seconds .

========================================================================
Received Import Request.
  Time since last request: 0.000178 seconds.
  path: Assets/Lemon/Scripts/ICSharpCode.SharpZipLib/Plugins/System.Buffers.dll
  artifactKey: Guid(1aed0563e05c6174daf0b52d07c168f6) Importer(815301076,1909f56bfc062723c751e8b465ee728b)
Start importing Assets/Lemon/Scripts/ICSharpCode.SharpZipLib/Plugins/System.Buffers.dll using Guid(1aed0563e05c6174daf0b52d07c168f6) Importer(815301076,1909f56bfc062723c751e8b465ee728b)  -> (artifact id: '1b6342b15707dc5a6382c0bd6219625f') in 0.008237 seconds
  Import took 0.009972 seconds .

========================================================================
Received Import Request.
  Time since last request: 0.000137 seconds.
  path: Assets/Lemon/Scripts/ICSharpCode.SharpZipLib/Plugins/System.Runtime.CompilerServices.Unsafe.dll
  artifactKey: Guid(045a1ff34a17f524fa526af40984771a) Importer(815301076,1909f56bfc062723c751e8b465ee728b)
Start importing Assets/Lemon/Scripts/ICSharpCode.SharpZipLib/Plugins/System.Runtime.CompilerServices.Unsafe.dll using Guid(045a1ff34a17f524fa526af40984771a) Importer(815301076,1909f56bfc062723c751e8b465ee728b)  -> (artifact id: 'b7fffe666ce1f1e1381c3dd4b66e6438') in 0.008509 seconds
  Import took 0.010307 seconds .

========================================================================
Received Prepare
Registering precompiled user dll's ...
Registered in 0.003166 seconds.
Begin MonoManager ReloadAssembly
Native extension for WindowsStandalone target not found
Native extension for WebGL target not found
Refreshing native plugins compatible for Editor in 0.57 ms, found 1 plugins.
Preloading 0 native plugins for Editor in 0.00 ms.
Invoked RoslynAnalysisRunner static constructor.
RoslynAnalysisRunner will not be running.
RoslynAnalysisRunner has terminated.
Mono: successfully reloaded assembly
- Completed reload, in  0.874 seconds
Platform modules already initialized, skipping
Switching build target platform(5) subTarget(0) extendedPlatform(0) -> platform(13) subTarget(589824) extendedPlatform(0)
Refreshing native plugins compatible for Editor in 0.37 ms, found 1 plugins.
Preloading 0 native plugins for Editor in 0.00 ms.
Unloading 1702 Unused Serialized files (Serialized files now loaded: 0)
System memory in use before: 75.7 MB.
System memory in use after: 75.8 MB.

Unloading 121 unused Assets to reduce memory usage. Loaded Objects now: 2119.
Total: 1.720300 ms (FindLiveObjects: 0.221500 ms CreateObjectMapping: 0.049600 ms MarkObjects: 1.400300 ms  DeleteObjects: 0.047600 ms)

AssetImportParameters requested are different than current active one (requested -> active):
  custom:graphics/normal-map-encoding: 01000000000000000000000000000000 -> 02000000000000000000000000000000
